[ 2016-02-24T15:51:04+08:00 ] 127.0.0.1 /index.php?g=Admin&m=public&a=dologin
INFO: [ app_begin ] --START--
INFO: Run Behavior\ReadHtmlCacheBehavior [ RunTime:0.000000s ]
INFO: Run Behavior\CheckLangBehavior [ RunTime:0.001000s ]
INFO: [ app_begin ] --END-- [ RunTime:0.002000s ]
SQL: SHOW COLUMNS FROM `m1_users` [ RunTime:0.0050s ]
SQL: SELECT * FROM `m1_users` WHERE `user_login` = 'admin' LIMIT 1   [ RunTime:0.0040s ]
SQL: SHOW COLUMNS FROM `m1_role_user` [ RunTime:0.0040s ]
SQL: SELECT `role_id` FROM m1_role_user a INNER JOIN m1_role as b on a.role_id =b.id  WHERE `user_id` = '1' AND `status` = 1  [ RunTime:0.0040s ]
SQL: UPDATE `m1_users` SET `user_login`='admin',`user_pass`='###3a110ebeadbc0877f8b386e267d4d0ef',`user_trade_pass`='',`user_nicename`='admin',`user_email`='phprince@163.com',`user_url`='',`avatar`=NULL,`sex`='0',`birthday`=NULL,`signature`=NULL,`last_login_ip`='127.0.0.1',`last_login_time`='2016-02-24 15:51:04',`create_time`='2015-12-24 02:15:50',`user_activation_key`='',`user_status`='1',`score`='0',`user_type`='1',`member_type`='真实账户',`coin`='0',`mobile`='',`real_name`='',`id_number`='' WHERE `id` = '1' [ RunTime:0.0050s ]

[ 2016-02-24T15:51:24+08:00 ] 127.0.0.1 /index.php?g=Admin&m=nav&a=edit_post
INFO: [ app_begin ] --START--
INFO: Run Behavior\ReadHtmlCacheBehavior [ RunTime:0.001000s ]
INFO: Run Behavior\CheckLangBehavior [ RunTime:0.001000s ]
INFO: [ app_begin ] --END-- [ RunTime:0.003000s ]
SQL: SHOW COLUMNS FROM `m1_users` [ RunTime:0.0050s ]
SQL: SELECT * FROM `m1_users` WHERE ( id=1 ) LIMIT 1   [ RunTime:0.0050s ]
SQL: SHOW COLUMNS FROM `m1_nav` [ RunTime:0.0050s ]
SQL: SHOW COLUMNS FROM `m1_nav_cat` [ RunTime:0.0040s ]
SQL: SELECT * FROM `m1_nav` WHERE ( id=7 ) LIMIT 1   [ RunTime:0.0040s ]
SQL: UPDATE `m1_nav` SET `cid`='1',`parentid`='7',`label`='联系我们',`href`='http:/moli.com/index.php/portal/index/about?id=20',`target`='',`icon`='',`status`='1',`path`='0-7-20' WHERE `id` = 20 [ RunTime:0.0050s ]

[ 2016-02-24T15:51:49+08:00 ] 127.0.0.1 /index.php?g=Admin&m=nav&a=edit_post
INFO: [ app_begin ] --START--
INFO: Run Behavior\ReadHtmlCacheBehavior [ RunTime:0.000000s ]
INFO: Run Behavior\CheckLangBehavior [ RunTime:0.000000s ]
INFO: [ app_begin ] --END-- [ RunTime:0.001000s ]
SQL: SHOW COLUMNS FROM `m1_users` [ RunTime:0.0040s ]
SQL: SELECT * FROM `m1_users` WHERE ( id=1 ) LIMIT 1   [ RunTime:0.0040s ]
SQL: SHOW COLUMNS FROM `m1_nav` [ RunTime:0.0040s ]
SQL: SHOW COLUMNS FROM `m1_nav_cat` [ RunTime:0.0050s ]
SQL: UPDATE `m1_nav` SET `cid`='1',`parentid`='0',`label`='我要理财',`href`='http://moli.com/index.php/portal/index/investlist',`target`='',`icon`='',`status`='1',`path`='0-4' WHERE `id` = 4 [ RunTime:0.0040s ]

[ 2016-02-24T15:51:53+08:00 ] 127.0.0.1 /index.php?g=Admin&m=nav&a=edit_post
INFO: [ app_begin ] --START--
INFO: Run Behavior\ReadHtmlCacheBehavior [ RunTime:0.000000s ]
INFO: Run Behavior\CheckLangBehavior [ RunTime:0.000000s ]
INFO: [ app_begin ] --END-- [ RunTime:0.000000s ]
SQL: SHOW COLUMNS FROM `m1_users` [ RunTime:0.0000s ]
SQL: SELECT * FROM `m1_users` WHERE ( id=1 ) LIMIT 1   [ RunTime:0.0000s ]
SQL: SHOW COLUMNS FROM `m1_nav` [ RunTime:0.0156s ]
SQL: SHOW COLUMNS FROM `m1_nav_cat` [ RunTime:0.0000s ]
SQL: UPDATE `m1_nav` SET `cid`='1',`parentid`='0',`label`='账户中心',`href`='http://moli.com/index.php/user/index/',`target`='',`icon`='',`status`='1',`path`='0-5' WHERE `id` = 5 [ RunTime:0.0000s ]

[ 2016-02-24T15:52:03+08:00 ] 127.0.0.1 /index.php?g=Admin&m=nav&a=edit_post
INFO: [ app_begin ] --START--
INFO: Run Behavior\ReadHtmlCacheBehavior [ RunTime:0.001000s ]
INFO: Run Behavior\CheckLangBehavior [ RunTime:0.000000s ]
INFO: [ app_begin ] --END-- [ RunTime:0.001000s ]
SQL: SHOW COLUMNS FROM `m1_users` [ RunTime:0.0060s ]
SQL: SELECT * FROM `m1_users` WHERE ( id=1 ) LIMIT 1   [ RunTime:0.0040s ]
SQL: SHOW COLUMNS FROM `m1_nav` [ RunTime:0.0040s ]
SQL: SHOW COLUMNS FROM `m1_nav_cat` [ RunTime:0.0040s ]
SQL: UPDATE `m1_nav` SET `cid`='1',`parentid`='0',`label`='新手指南',`href`='http://moli.com/index.php/portal/newer/newerguide',`target`='',`icon`='',`status`='1',`path`='0-6' WHERE `id` = 6 [ RunTime:0.0030s ]

[ 2016-02-24T15:52:08+08:00 ] 127.0.0.1 /index.php?g=Admin&m=nav&a=edit_post
INFO: [ app_begin ] --START--
INFO: Run Behavior\ReadHtmlCacheBehavior [ RunTime:0.001000s ]
INFO: Run Behavior\CheckLangBehavior [ RunTime:0.001000s ]
INFO: [ app_begin ] --END-- [ RunTime:0.002000s ]
SQL: SHOW COLUMNS FROM `m1_users` [ RunTime:0.0000s ]
SQL: SELECT * FROM `m1_users` WHERE ( id=1 ) LIMIT 1   [ RunTime:0.0000s ]
SQL: SHOW COLUMNS FROM `m1_nav` [ RunTime:0.0000s ]
SQL: SHOW COLUMNS FROM `m1_nav_cat` [ RunTime:0.0000s ]
SQL: UPDATE `m1_nav` SET `cid`='1',`parentid`='0',`label`='关于我们',`href`='http://moli.com/index.php/portal/index/aboutus',`target`='',`icon`='',`status`='0',`path`='0-7' WHERE `id` = 7 [ RunTime:0.0000s ]

[ 2016-02-24T15:52:18+08:00 ] 127.0.0.1 /index.php?g=Admin&m=nav&a=edit_post
INFO: [ app_begin ] --START--
INFO: Run Behavior\ReadHtmlCacheBehavior [ RunTime:0.001000s ]
INFO: Run Behavior\CheckLangBehavior [ RunTime:0.001000s ]
INFO: [ app_begin ] --END-- [ RunTime:0.003000s ]
SQL: SHOW COLUMNS FROM `m1_users` [ RunTime:0.0060s ]
SQL: SELECT * FROM `m1_users` WHERE ( id=1 ) LIMIT 1   [ RunTime:0.0050s ]
SQL: SHOW COLUMNS FROM `m1_nav` [ RunTime:0.0040s ]
SQL: SHOW COLUMNS FROM `m1_nav_cat` [ RunTime:0.0040s ]
SQL: SELECT * FROM `m1_nav` WHERE ( id=7 ) LIMIT 1   [ RunTime:0.0040s ]
SQL: UPDATE `m1_nav` SET `cid`='1',`parentid`='7',`label`='联系我们',`href`='http:/moli.com/index.php/portal/index/about?id=20',`target`='',`icon`='',`status`='1',`path`='0-7-20' WHERE `id` = 20 [ RunTime:0.0040s ]

[ 2016-02-24T15:52:29+08:00 ] 127.0.0.1 /index.php?g=Admin&m=nav&a=edit_post
INFO: [ app_begin ] --START--
INFO: Run Behavior\ReadHtmlCacheBehavior [ RunTime:0.000000s ]
INFO: Run Behavior\CheckLangBehavior [ RunTime:0.001000s ]
INFO: [ app_begin ] --END-- [ RunTime:0.001000s ]
SQL: SHOW COLUMNS FROM `m1_users` [ RunTime:0.0060s ]
SQL: SELECT * FROM `m1_users` WHERE ( id=1 ) LIMIT 1   [ RunTime:0.0040s ]
SQL: SHOW COLUMNS FROM `m1_nav` [ RunTime:0.0050s ]
SQL: SHOW COLUMNS FROM `m1_nav_cat` [ RunTime:0.0040s ]
SQL: SELECT * FROM `m1_nav` WHERE ( id=7 ) LIMIT 1   [ RunTime:0.0030s ]
SQL: UPDATE `m1_nav` SET `cid`='1',`parentid`='7',`label`='网站公告',`href`='http://moli.com/index.php/portal/index/about?id=19',`target`='',`icon`='',`status`='1',`path`='0-7-19' WHERE `id` = 19 [ RunTime:0.0030s ]

[ 2016-02-24T15:52:48+08:00 ] 127.0.0.1 /index.php?g=Admin&m=nav&a=edit_post
INFO: [ app_begin ] --START--
INFO: Run Behavior\ReadHtmlCacheBehavior [ RunTime:0.001001s ]
INFO: Run Behavior\CheckLangBehavior [ RunTime:0.001000s ]
INFO: [ app_begin ] --END-- [ RunTime:0.002001s ]
SQL: SHOW COLUMNS FROM `m1_users` [ RunTime:0.0156s ]
SQL: SELECT * FROM `m1_users` WHERE ( id=1 ) LIMIT 1   [ RunTime:0.0000s ]
SQL: SHOW COLUMNS FROM `m1_nav` [ RunTime:0.0000s ]
SQL: SHOW COLUMNS FROM `m1_nav_cat` [ RunTime:0.0156s ]
SQL: SELECT * FROM `m1_nav` WHERE ( id=7 ) LIMIT 1   [ RunTime:0.0000s ]
SQL: UPDATE `m1_nav` SET `cid`='1',`parentid`='7',`label`='合作伙伴',`href`='http://moli.com/index.php/portal/index/about?id=18',`target`='',`icon`='',`status`='1',`path`='0-7-18' WHERE `id` = 18 [ RunTime:0.0000s ]

[ 2016-02-24T15:52:56+08:00 ] 127.0.0.1 /index.php?g=Admin&m=nav&a=edit_post
INFO: [ app_begin ] --START--
INFO: Run Behavior\ReadHtmlCacheBehavior [ RunTime:0.000000s ]
INFO: Run Behavior\CheckLangBehavior [ RunTime:0.001000s ]
INFO: [ app_begin ] --END-- [ RunTime:0.001000s ]
SQL: SHOW COLUMNS FROM `m1_users` [ RunTime:0.0050s ]
SQL: SELECT * FROM `m1_users` WHERE ( id=1 ) LIMIT 1   [ RunTime:0.0060s ]
SQL: SHOW COLUMNS FROM `m1_nav` [ RunTime:0.0040s ]
SQL: SHOW COLUMNS FROM `m1_nav_cat` [ RunTime:0.0040s ]
SQL: SELECT * FROM `m1_nav` WHERE ( id=7 ) LIMIT 1   [ RunTime:0.0040s ]
SQL: UPDATE `m1_nav` SET `cid`='1',`parentid`='7',`label`='摩利方简介',`href`='http://moli.com/index.php/portal/index/about?id=17',`target`='',`icon`='',`status`='1',`path`='0-7-17' WHERE `id` = 17 [ RunTime:0.0000s ]

[ 2016-02-24T15:53:03+08:00 ] 127.0.0.1 /index.php?g=Admin&m=nav&a=edit_post
INFO: [ app_begin ] --START--
INFO: Run Behavior\ReadHtmlCacheBehavior [ RunTime:0.000000s ]
INFO: Run Behavior\CheckLangBehavior [ RunTime:0.001000s ]
INFO: [ app_begin ] --END-- [ RunTime:0.001000s ]
SQL: SHOW COLUMNS FROM `m1_users` [ RunTime:0.0050s ]
SQL: SELECT * FROM `m1_users` WHERE ( id=1 ) LIMIT 1   [ RunTime:0.0040s ]
SQL: SHOW COLUMNS FROM `m1_nav` [ RunTime:0.0040s ]
SQL: SHOW COLUMNS FROM `m1_nav_cat` [ RunTime:0.0060s ]
SQL: SELECT * FROM `m1_nav` WHERE ( id=7 ) LIMIT 1   [ RunTime:0.0040s ]
SQL: UPDATE `m1_nav` SET `cid`='1',`parentid`='7',`label`='诚聘英才',`href`='http://moli.com/index.php/portal/index/about?id=22',`target`='',`icon`='',`status`='1',`path`='0-7-22' WHERE `id` = 22 [ RunTime:0.0030s ]

[ 2016-02-24T15:53:11+08:00 ] 127.0.0.1 /index.php?g=Admin&m=nav&a=edit_post
INFO: [ app_begin ] --START--
INFO: Run Behavior\ReadHtmlCacheBehavior [ RunTime:0.001000s ]
INFO: Run Behavior\CheckLangBehavior [ RunTime:0.000000s ]
INFO: [ app_begin ] --END-- [ RunTime:0.001000s ]
SQL: SHOW COLUMNS FROM `m1_users` [ RunTime:0.0050s ]
SQL: SELECT * FROM `m1_users` WHERE ( id=1 ) LIMIT 1   [ RunTime:0.0040s ]
SQL: SHOW COLUMNS FROM `m1_nav` [ RunTime:0.0040s ]
SQL: SHOW COLUMNS FROM `m1_nav_cat` [ RunTime:0.0030s ]
SQL: UPDATE `m1_nav` SET `cid`='1',`parentid`='0',`label`='摩立方风采',`href`='http://moli.com',`target`='',`icon`='',`status`='0',`path`='0-16' WHERE `id` = 16 [ RunTime:0.0030s ]

[ 2016-02-24T15:53:15+08:00 ] 127.0.0.1 /index.php?g=Admin&m=nav&a=edit_post
INFO: [ app_begin ] --START--
INFO: Run Behavior\ReadHtmlCacheBehavior [ RunTime:0.001000s ]
INFO: Run Behavior\CheckLangBehavior [ RunTime:0.001001s ]
INFO: [ app_begin ] --END-- [ RunTime:0.002001s ]
SQL: SHOW COLUMNS FROM `m1_users` [ RunTime:0.0000s ]
SQL: SELECT * FROM `m1_users` WHERE ( id=1 ) LIMIT 1   [ RunTime:0.0000s ]
SQL: SHOW COLUMNS FROM `m1_nav` [ RunTime:0.0156s ]
SQL: SHOW COLUMNS FROM `m1_nav_cat` [ RunTime:0.0000s ]
SQL: SELECT * FROM `m1_nav` WHERE ( id=16 ) LIMIT 1   [ RunTime:0.0000s ]
SQL: UPDATE `m1_nav` SET `cid`='1',`parentid`='16',`label`='荣誉资质',`href`='http://moli.com',`target`='',`icon`='',`status`='1',`path`='0-16-14' WHERE `id` = 14 [ RunTime:0.0156s ]

[ 2016-02-24T15:53:22+08:00 ] 127.0.0.1 /index.php?g=Admin&m=nav&a=edit_post
INFO: [ app_begin ] --START--
INFO: Run Behavior\ReadHtmlCacheBehavior [ RunTime:0.000000s ]
INFO: Run Behavior\CheckLangBehavior [ RunTime:0.001000s ]
INFO: [ app_begin ] --END-- [ RunTime:0.002000s ]
SQL: SHOW COLUMNS FROM `m1_users` [ RunTime:0.0050s ]
SQL: SELECT * FROM `m1_users` WHERE ( id=1 ) LIMIT 1   [ RunTime:0.0040s ]
SQL: SHOW COLUMNS FROM `m1_nav` [ RunTime:0.0040s ]
SQL: SHOW COLUMNS FROM `m1_nav_cat` [ RunTime:0.0030s ]
SQL: SELECT * FROM `m1_nav` WHERE ( id=16 ) LIMIT 1   [ RunTime:0.0030s ]
SQL: UPDATE `m1_nav` SET `cid`='1',`parentid`='16',`label`='企业文化',`href`='http://moli.com',`target`='',`icon`='',`status`='1',`path`='0-16-13' WHERE `id` = 13 [ RunTime:0.0030s ]

[ 2016-02-24T15:54:19+08:00 ] 127.0.0.1 /index.php?g=Admin&m=nav&a=edit_post
INFO: [ app_begin ] --START--
INFO: Run Behavior\ReadHtmlCacheBehavior [ RunTime:0.000000s ]
INFO: Run Behavior\CheckLangBehavior [ RunTime:0.001000s ]
INFO: [ app_begin ] --END-- [ RunTime:0.001000s ]
SQL: SHOW COLUMNS FROM `m1_users` [ RunTime:0.0040s ]
SQL: SELECT * FROM `m1_users` WHERE ( id=1 ) LIMIT 1   [ RunTime:0.0040s ]
SQL: SHOW COLUMNS FROM `m1_nav` [ RunTime:0.0030s ]
SQL: SHOW COLUMNS FROM `m1_nav_cat` [ RunTime:0.0030s ]
SQL: SELECT * FROM `m1_nav` WHERE ( id=7 ) LIMIT 1   [ RunTime:0.0030s ]
SQL: UPDATE `m1_nav` SET `cid`='1',`parentid`='7',`label`='联系我们',`href`='http:/moli.com/index.php/portal/index/about?id=20',`target`='',`icon`='',`status`='1',`path`='0-7-20' WHERE `id` = 20 [ RunTime:0.0030s ]

[ 2016-02-24T15:56:18+08:00 ] 127.0.0.1 /index.php?g=Admin&m=nav&a=edit_post
INFO: [ app_begin ] --START--
INFO: Run Behavior\ReadHtmlCacheBehavior [ RunTime:0.000000s ]
INFO: Run Behavior\CheckLangBehavior [ RunTime:0.002000s ]
INFO: [ app_begin ] --END-- [ RunTime:0.003000s ]
SQL: SHOW COLUMNS FROM `m1_users` [ RunTime:0.0040s ]
SQL: SELECT * FROM `m1_users` WHERE ( id=1 ) LIMIT 1   [ RunTime:0.0030s ]
SQL: SHOW COLUMNS FROM `m1_nav` [ RunTime:0.0030s ]
SQL: SHOW COLUMNS FROM `m1_nav_cat` [ RunTime:0.0030s ]
SQL: SELECT * FROM `m1_nav` WHERE ( id=7 ) LIMIT 1   [ RunTime:0.0020s ]
SQL: UPDATE `m1_nav` SET `cid`='1',`parentid`='7',`label`='联系我们',`href`='http:/moli.com/index.php/portal/index/about?id=20',`target`='',`icon`='',`status`='1',`path`='0-7-20' WHERE `id` = 20 [ RunTime:0.0030s ]

[ 2016-02-24T15:56:32+08:00 ] 127.0.0.1 /index.php?g=Admin&m=nav&a=edit_post
INFO: [ app_begin ] --START--
INFO: Run Behavior\ReadHtmlCacheBehavior [ RunTime:0.001000s ]
INFO: Run Behavior\CheckLangBehavior [ RunTime:0.000000s ]
INFO: [ app_begin ] --END-- [ RunTime:0.001000s ]
SQL: SHOW COLUMNS FROM `m1_users` [ RunTime:0.0060s ]
SQL: SELECT * FROM `m1_users` WHERE ( id=1 ) LIMIT 1   [ RunTime:0.0040s ]
SQL: SHOW COLUMNS FROM `m1_nav` [ RunTime:0.0080s ]
SQL: SHOW COLUMNS FROM `m1_nav_cat` [ RunTime:0.0040s ]
SQL: SELECT * FROM `m1_nav` WHERE ( id=7 ) LIMIT 1   [ RunTime:0.0050s ]
SQL: UPDATE `m1_nav` SET `cid`='1',`parentid`='7',`label`='常见问题',`href`='http://moli.com/index.php/portal/index/about?id=21 ',`target`='',`icon`='',`status`='1',`path`='0-7-21' WHERE `id` = 21 [ RunTime:0.0040s ]

[ 2016-02-24T15:56:40+08:00 ] 127.0.0.1 /index.php?g=Admin&m=nav&a=edit_post
INFO: [ app_begin ] --START--
INFO: Run Behavior\ReadHtmlCacheBehavior [ RunTime:0.001000s ]
INFO: Run Behavior\CheckLangBehavior [ RunTime:0.001000s ]
INFO: [ app_begin ] --END-- [ RunTime:0.002000s ]
SQL: SHOW COLUMNS FROM `m1_users` [ RunTime:0.0000s ]
SQL: SELECT * FROM `m1_users` WHERE ( id=1 ) LIMIT 1   [ RunTime:0.0000s ]
SQL: SHOW COLUMNS FROM `m1_nav` [ RunTime:0.0000s ]
SQL: SHOW COLUMNS FROM `m1_nav_cat` [ RunTime:0.0000s ]
SQL: SELECT * FROM `m1_nav` WHERE ( id=7 ) LIMIT 1   [ RunTime:0.0156s ]
SQL: UPDATE `m1_nav` SET `cid`='1',`parentid`='7',`label`='联系我们',`href`='http://moli.com/index.php/portal/index/about?id=21 ',`target`='',`icon`='',`status`='1',`path`='0-7-20' WHERE `id` = 20 [ RunTime:0.0000s ]

[ 2016-02-24T15:57:04+08:00 ] 127.0.0.1 /index.php?g=Admin&m=nav&a=edit_post
INFO: [ app_begin ] --START--
INFO: Run Behavior\ReadHtmlCacheBehavior [ RunTime:0.000000s ]
INFO: Run Behavior\CheckLangBehavior [ RunTime:0.001000s ]
INFO: [ app_begin ] --END-- [ RunTime:0.001000s ]
SQL: SHOW COLUMNS FROM `m1_users` [ RunTime:0.0060s ]
SQL: SELECT * FROM `m1_users` WHERE ( id=1 ) LIMIT 1   [ RunTime:0.0060s ]
SQL: SHOW COLUMNS FROM `m1_nav` [ RunTime:0.0050s ]
SQL: SHOW COLUMNS FROM `m1_nav_cat` [ RunTime:0.0050s ]
SQL: SELECT * FROM `m1_nav` WHERE ( id=7 ) LIMIT 1   [ RunTime:0.0040s ]
SQL: UPDATE `m1_nav` SET `cid`='1',`parentid`='7',`label`='联系我们',`href`='http://moli.com/index.php/portal/index/about?id=20',`target`='',`icon`='',`status`='1',`path`='0-7-20' WHERE `id` = 20 [ RunTime:0.0050s ]

[ 2016-02-24T18:08:09+08:00 ] 127.0.0.1 /index.php?g=Admin&m=nav&a=edit_post
INFO: [ app_begin ] --START--
INFO: Run Behavior\ReadHtmlCacheBehavior [ RunTime:0.000000s ]
INFO: Run Behavior\CheckLangBehavior [ RunTime:0.001000s ]
INFO: [ app_begin ] --END-- [ RunTime:0.002000s ]
SQL: SHOW COLUMNS FROM `m1_users` [ RunTime:0.0050s ]
SQL: SELECT * FROM `m1_users` WHERE ( id=1 ) LIMIT 1   [ RunTime:0.0060s ]
SQL: SHOW COLUMNS FROM `m1_nav` [ RunTime:0.0050s ]
SQL: SHOW COLUMNS FROM `m1_nav_cat` [ RunTime:0.0040s ]
SQL: UPDATE `m1_nav` SET `cid`='1',`parentid`='0',`label`='首页',`href`='http://moli.com',`target`='',`icon`='',`status`='1',`path`='0-1' WHERE `id` = 1 [ RunTime:0.0040s ]

