[ 2016-02-24T14:37:29+08:00 ] 127.0.0.1 /index.php/user/login/dologin
INFO: [ app_begin ] --START--
INFO: Run Behavior\ReadHtmlCacheBehavior [ RunTime:0.000000s ]
INFO: Run Behavior\CheckLangBehavior [ RunTime:0.000000s ]
INFO: [ app_begin ] --END-- [ RunTime:0.000000s ]
SQL: SHOW COLUMNS FROM `m1_users` [ RunTime:0.0156s ]
SQL: SELECT * FROM `m1_users` WHERE `mobile` = '15201893815' LIMIT 1   [ RunTime:0.0000s ]
SQL: UPDATE `m1_users` SET `last_login_time`='2016-02-24 14:37:29',`last_login_ip`='127.0.0.1' WHERE `id` = '15' [ RunTime:0.0000s ]
NOTIC: [8] Undefined index: url D:\app\moli\application\Common\Controller\AppframeController.class.php 第 35 行.

[ 2016-02-24T14:51:42+08:00 ] 127.0.0.1 /index.php/user/login/dologin
INFO: [ app_begin ] --START--
INFO: Run Behavior\ReadHtmlCacheBehavior [ RunTime:0.001000s ]
INFO: Run Behavior\CheckLangBehavior [ RunTime:0.001000s ]
INFO: [ app_begin ] --END-- [ RunTime:0.002000s ]
SQL: SHOW COLUMNS FROM `m1_users` [ RunTime:0.0040s ]
SQL: SELECT * FROM `m1_users` WHERE `mobile` = '15201893815' LIMIT 1   [ RunTime:0.0040s ]
SQL: UPDATE `m1_users` SET `last_login_time`='2016-02-24 14:51:42',`last_login_ip`='127.0.0.1' WHERE `id` = '15' [ RunTime:0.0030s ]
NOTIC: [8] Undefined index: url D:\app\moli\application\Common\Controller\AppframeController.class.php 第 35 行.

[ 2016-02-24T16:09:57+08:00 ] 127.0.0.1 /index.php/user/login/dologin
INFO: [ app_begin ] --START--
INFO: Run Behavior\ReadHtmlCacheBehavior [ RunTime:0.001000s ]
INFO: Run Behavior\CheckLangBehavior [ RunTime:0.000000s ]
INFO: [ app_begin ] --END-- [ RunTime:0.001000s ]
SQL: SHOW COLUMNS FROM `m1_users` [ RunTime:0.0050s ]
SQL: SELECT * FROM `m1_users` WHERE `mobile` = '15201893815' LIMIT 1   [ RunTime:0.0010s ]
SQL: UPDATE `m1_users` SET `last_login_time`='2016-02-24 16:09:57',`last_login_ip`='127.0.0.1' WHERE `id` = '15' [ RunTime:0.0000s ]
NOTIC: [8] Undefined index: url D:\app\moli\application\Common\Controller\AppframeController.class.php 第 35 行.

[ 2016-02-24T17:43:20+08:00 ] 127.0.0.1 /index.php/user/public/sendpwdCode
INFO: [ app_begin ] --START--
INFO: Run Behavior\ReadHtmlCacheBehavior [ RunTime:0.000000s ]
INFO: Run Behavior\CheckLangBehavior [ RunTime:0.001001s ]
INFO: [ app_begin ] --END-- [ RunTime:0.002001s ]
SQL: SHOW COLUMNS FROM `m1_users` [ RunTime:0.0000s ]
SQL: SELECT COUNT(*) AS tp_count FROM `m1_users` WHERE `user_login` = '15201893815' LIMIT 1   [ RunTime:0.0156s ]
SQL: SHOW COLUMNS FROM `m1_sms_log` [ RunTime:0.0156s ]
SQL: INSERT INTO `m1_sms_log` (`phone`,`content`,`type`,`user_ip`,`add_time`) VALUES ('15201893815','您的短信验证码为293469','修改手机号','127.0.0.1','2016-02-24 17:02:43') [ RunTime:0.0000s ]
NOTIC: [8] Undefined index: url D:\app\moli\application\Common\Controller\AppframeController.class.php 第 35 行.

[ 2016-02-24T17:57:58+08:00 ] 127.0.0.1 /index.php/user/login/dologin
INFO: [ app_begin ] --START--
INFO: Run Behavior\ReadHtmlCacheBehavior [ RunTime:0.000000s ]
INFO: Run Behavior\CheckLangBehavior [ RunTime:0.001000s ]
INFO: [ app_begin ] --END-- [ RunTime:0.002000s ]
SQL: SHOW COLUMNS FROM `m1_users` [ RunTime:0.0000s ]
SQL: SELECT * FROM `m1_users` WHERE `mobile` = '15201893815' LIMIT 1   [ RunTime:0.0156s ]
SQL: UPDATE `m1_users` SET `last_login_time`='2016-02-24 17:57:58',`last_login_ip`='127.0.0.1' WHERE `id` = '15' [ RunTime:0.0000s ]
NOTIC: [8] Undefined index: url D:\app\moli\application\Common\Controller\AppframeController.class.php 第 35 行.

[ 2016-02-24T18:05:48+08:00 ] 127.0.0.1 /index.php/user/login/dologin
INFO: [ app_begin ] --START--
INFO: Run Behavior\ReadHtmlCacheBehavior [ RunTime:0.000000s ]
INFO: Run Behavior\CheckLangBehavior [ RunTime:0.000000s ]
INFO: [ app_begin ] --END-- [ RunTime:0.001000s ]
SQL: SHOW COLUMNS FROM `m1_users` [ RunTime:0.0060s ]
SQL: SELECT * FROM `m1_users` WHERE `mobile` = '15201893815' LIMIT 1   [ RunTime:0.0060s ]
SQL: UPDATE `m1_users` SET `last_login_time`='2016-02-24 18:05:48',`last_login_ip`='127.0.0.1' WHERE `id` = '15' [ RunTime:0.0040s ]
NOTIC: [8] Undefined index: url D:\app\moli\application\Common\Controller\AppframeController.class.php 第 35 行.

[ 2016-02-24T18:10:37+08:00 ] 127.0.0.1 /index.php/user/login/dologin
INFO: [ app_begin ] --START--
INFO: Run Behavior\ReadHtmlCacheBehavior [ RunTime:0.001001s ]
INFO: Run Behavior\CheckLangBehavior [ RunTime:0.000000s ]
INFO: [ app_begin ] --END-- [ RunTime:0.001001s ]
SQL: SHOW COLUMNS FROM `m1_users` [ RunTime:0.0156s ]
SQL: SELECT * FROM `m1_users` WHERE `mobile` = '15201893815' LIMIT 1   [ RunTime:0.0000s ]
SQL: UPDATE `m1_users` SET `last_login_time`='2016-02-24 18:10:37',`last_login_ip`='127.0.0.1' WHERE `id` = '15' [ RunTime:0.0000s ]
NOTIC: [8] Undefined index: url D:\app\moli\application\Common\Controller\AppframeController.class.php 第 35 行.

